<?xml version="1.0" encoding="UTF-8"?>
<testsuite xmlns:xsi="http://www.w3.org/2001/XMLSchema-instance" xsi:noNamespaceSchemaLocation="https://maven.apache.org/surefire/maven-surefire-plugin/xsd/surefire-test-report-3.0.xsd" version="3.0" name="ProductDaoTest" time="0.078" tests="3" errors="0" skipped="0" failures="0">
  <properties>
[...]
</properties>
  <testcase name="testGetNonExistentProduct" classname="ProductDaoTest" time="0.02"/>
  <testcase name="testGetProductById" classname="ProductDaoTest" time="0.029"/>
  <testcase name="testGetAllProducts" classname="ProductDaoTest" time="0.015"/>
</testsuite>